[debug] [2022-03-05T09:13:17.274Z] ----------------------------------------------------------------------
[debug] [2022-03-05T09:13:17.277Z] Command:       /usr/local/bin/node /usr/local/bin/firebase deploy --project sot-hearthstone
[debug] [2022-03-05T09:13:17.277Z] CLI Version:   10.1.3
[debug] [2022-03-05T09:13:17.277Z] Platform:      darwin
[debug] [2022-03-05T09:13:17.278Z] Node Version:  v16.13.2
[debug] [2022-03-05T09:13:17.286Z] Time:          Sat Mar 05 2022 11:13:17 GMT+0200 (Eastern European Standard Time)
[debug] [2022-03-05T09:13:17.286Z] ----------------------------------------------------------------------
[debug] 
[debug] [2022-03-05T09:13:17.290Z] >>> [apiv2][query] GET https://firebase-public.firebaseio.com/cli.json [none]
[debug] [2022-03-05T09:13:17.405Z] > command requires scopes: ["email","openid","https://www.googleapis.com/auth/cloudplatformprojects.readonly","https://www.googleapis.com/auth/firebase","https://www.googleapis.com/auth/cloud-platform"]
[debug] [2022-03-05T09:13:17.405Z] > authorizing via signed-in user (tapantaolatora@gmail.com)
[debug] [2022-03-05T09:13:17.405Z] [iam] checking project sot-hearthstone for permissions ["firebase.projects.get","firebasehosting.sites.update"]
[debug] [2022-03-05T09:13:17.406Z] > refreshing access token with scopes: []
[debug] [2022-03-05T09:13:17.407Z] >>> HTTP REQUEST POST https://www.googleapis.com/oauth2/v3/token  
 <request body omitted>
[debug] [2022-03-05T09:13:17.650Z] <<< HTTP RESPONSE 200 {"cache-control":"no-cache, no-store, max-age=0, must-revalidate","date":"Sat, 05 Mar 2022 09:13:17 GMT","pragma":"no-cache","expires":"Mon, 01 Jan 1990 00:00:00 GMT","content-type":"application/json; charset=utf-8","vary":"X-Origin, Referer, Origin,Accept-Encoding","server":"scaffolding on HTTPServer2","x-xss-protection":"0","x-frame-options":"SAMEORIGIN","x-content-type-options":"nosniff","alt-svc":"h3=\":443\"; ma=2592000,h3-29=\":443\"; ma=2592000,h3-Q050=\":443\"; ma=2592000,h3-Q046=\":443\"; ma=2592000,h3-Q043=\":443\"; ma=2592000,quic=\":443\"; ma=2592000; v=\"46,43\"","accept-ranges":"none","transfer-encoding":"chunked"}
[debug] [2022-03-05T09:13:17.670Z] >>> [apiv2][query] POST https://cloudresourcemanager.googleapis.com/v1/projects/sot-hearthstone:testIamPermissions [none]
[debug] [2022-03-05T09:13:17.671Z] >>> [apiv2][body] POST https://cloudresourcemanager.googleapis.com/v1/projects/sot-hearthstone:testIamPermissions {"permissions":["firebase.projects.get","firebasehosting.sites.update"]}
[debug] [2022-03-05T09:13:17.952Z] <<< [apiv2][status] GET https://firebase-public.firebaseio.com/cli.json 200
[debug] [2022-03-05T09:13:17.953Z] <<< [apiv2][body] GET https://firebase-public.firebaseio.com/cli.json {"cloudBuildErrorAfter":1594252800000,"cloudBuildWarnAfter":1590019200000,"defaultNode10After":1594252800000,"minVersion":"3.0.5","node8DeploysDisabledAfter":1613390400000,"node8RuntimeDisabledAfter":1615809600000,"node8WarnAfter":1600128000000}
[debug] [2022-03-05T09:13:18.993Z] <<< [apiv2][status] POST https://cloudresourcemanager.googleapis.com/v1/projects/sot-hearthstone:testIamPermissions 200
[debug] [2022-03-05T09:13:18.993Z] <<< [apiv2][body] POST https://cloudresourcemanager.googleapis.com/v1/projects/sot-hearthstone:testIamPermissions {"permissions":["firebase.projects.get","firebasehosting.sites.update"]}
[debug] [2022-03-05T09:13:18.995Z] >>> [apiv2][query] GET https://firebase.googleapis.com/v1beta1/projects/sot-hearthstone [none]
[debug] [2022-03-05T09:13:19.413Z] <<< [apiv2][status] GET https://firebase.googleapis.com/v1beta1/projects/sot-hearthstone 200
[debug] [2022-03-05T09:13:19.413Z] <<< [apiv2][body] GET https://firebase.googleapis.com/v1beta1/projects/sot-hearthstone {"projectId":"sot-hearthstone","projectNumber":"1045828573278","displayName":"Sot-Hearthstone","name":"projects/sot-hearthstone","resources":{"hostingSite":"sot-hearthstone"},"state":"ACTIVE"}
[info] 
[info] === Deploying to 'sot-hearthstone'...
[info] 
[info] i  deploying hosting 
[debug] [2022-03-05T09:13:19.418Z] > refreshing access token with scopes: ["email","https://www.googleapis.com/auth/cloud-platform","https://www.googleapis.com/auth/cloudplatformprojects.readonly","https://www.googleapis.com/auth/firebase","openid"]
[debug] [2022-03-05T09:13:19.418Z] >>> HTTP REQUEST POST https://www.googleapis.com/oauth2/v3/token  
 <request body omitted>
[debug] [2022-03-05T09:13:19.591Z] <<< HTTP RESPONSE 200 {"pragma":"no-cache","date":"Sat, 05 Mar 2022 09:13:19 GMT","cache-control":"no-cache, no-store, max-age=0, must-revalidate","expires":"Mon, 01 Jan 1990 00:00:00 GMT","content-type":"application/json; charset=utf-8","vary":"X-Origin, Referer, Origin,Accept-Encoding","server":"scaffolding on HTTPServer2","x-xss-protection":"0","x-frame-options":"SAMEORIGIN","x-content-type-options":"nosniff","alt-svc":"h3=\":443\"; ma=2592000,h3-29=\":443\"; ma=2592000,h3-Q050=\":443\"; ma=2592000,h3-Q046=\":443\"; ma=2592000,h3-Q043=\":443\"; ma=2592000,quic=\":443\"; ma=2592000; v=\"46,43\"","accept-ranges":"none","transfer-encoding":"chunked"}
[debug] [2022-03-05T09:13:19.605Z] >>> HTTP REQUEST POST https://firebasehosting.googleapis.com/v1beta1/sites/sot-hearthstone/versions  
 {"config":{"rewrites":[{"glob":"**","path":"/index.html"}]},"labels":{"deployment-tool":"cli-firebase"}}
[debug] [2022-03-05T09:13:21.444Z] <<< HTTP RESPONSE 200 {"content-type":"application/json; charset=UTF-8","vary":"X-Origin, Referer, Origin,Accept-Encoding","date":"Sat, 05 Mar 2022 09:13:21 GMT","server":"ESF","cache-control":"private","x-xss-protection":"0","x-frame-options":"SAMEORIGIN","x-content-type-options":"nosniff","alt-svc":"h3=\":443\"; ma=2592000,h3-29=\":443\"; ma=2592000,h3-Q050=\":443\"; ma=2592000,h3-Q046=\":443\"; ma=2592000,h3-Q043=\":443\"; ma=2592000,quic=\":443\"; ma=2592000; v=\"46,43\"","accept-ranges":"none","transfer-encoding":"chunked"}
[info] i  hosting[sot-hearthstone]: beginning deploy... 
[info] i  hosting[sot-hearthstone]: found 32 files in dist 
[debug] [2022-03-05T09:13:22.124Z] > refreshing access token with scopes: []
[debug] [2022-03-05T09:13:22.124Z] >>> HTTP REQUEST POST https://www.googleapis.com/oauth2/v3/token  
 <request body omitted>
[debug] [2022-03-05T09:13:22.126Z] [hosting] hash cache [ZGlzdA] stored for 32 files
[debug] [2022-03-05T09:13:22.126Z] [hosting][hash queue][FINAL] {"max":652,"min":26,"avg":297.8125,"active":0,"complete":32,"success":32,"errored":0,"retried":0,"total":32,"elapsed":666}
[debug] [2022-03-05T09:13:22.296Z] <<< HTTP RESPONSE 200 {"cache-control":"no-cache, no-store, max-age=0, must-revalidate","expires":"Mon, 01 Jan 1990 00:00:00 GMT","pragma":"no-cache","date":"Sat, 05 Mar 2022 09:13:22 GMT","content-type":"application/json; charset=utf-8","vary":"X-Origin, Referer, Origin,Accept-Encoding","server":"scaffolding on HTTPServer2","x-xss-protection":"0","x-frame-options":"SAMEORIGIN","x-content-type-options":"nosniff","alt-svc":"h3=\":443\"; ma=2592000,h3-29=\":443\"; ma=2592000,h3-Q050=\":443\"; ma=2592000,h3-Q046=\":443\"; ma=2592000,h3-Q043=\":443\"; ma=2592000,quic=\":443\"; ma=2592000; v=\"46,43\"","accept-ranges":"none","transfer-encoding":"chunked"}
[debug] [2022-03-05T09:13:22.310Z] >>> [apiv2][query] POST https://firebasehosting.googleapis.com/v1beta1/sites/sot-hearthstone/versions/ff6502262a86c712:populateFiles [none]
[debug] [2022-03-05T09:13:22.310Z] >>> [apiv2][body] POST https://firebasehosting.googleapis.com/v1beta1/sites/sot-hearthstone/versions/ff6502262a86c712:populateFiles {"files":{"/index.html":"a3ad50a861e8628d727a510da10210a2737f5a0d1ef4d05f809d3369eb74fc53","/css/app.048e8cde.css":"96a02bde9e1d20b98a1dbee889ade313bbc3f6039d672d2d3855dd50f33a3ea9","/favicon.ico":"1e71457865f706dc865b49a54a86e193818220d290b30226b6630a42faf1535d","/js/app.e02be486.js":"cf26e66600af2548478ac5daec0b48b8eb88ec4bb6c822efc31d2d6dba3c10a5","/css/chunk-vendors.439faded.css":"5c91a9bb3b11e9ee9137f0dd78a9c2749dc960bb2d7908268467cff768dfc37b","/js/app.e02be486.js.map":"068708910316b6a80a10defd286359476559670316aa4cb05305cc3c4a5650df","/img/priest_mage1.8eb51e34.jpeg":"eb1123ae514ff5c965a9620a41dd50f8f0f05c7d395aec23f3580779e82b63c2","/img/Capture1.61718f77.jpg":"94b496a3af28e29f3623e46e4833a3b1e8d035221f52f94256978699afbb2a29","/img/demonHunter1.410c3f67.jpg":"54e50bb4436f3547b46140d86998fd3a0a4bd3d68e9429bdd5d1e1894cab6f34","/img/priest1.446a0cce.jpg":"b8f11868f4319b51269acb2b11187744987864db63d56a312bd4be6553e3c4eb","/img/Napo_DH1.bfec8ad6.jpg":"e4ed82096fd24caefe219e89e772c96ae0e9ca1a1e8abdf88a5ec31b2621b6c2","/img/napo-warlock1.388a231a.jpg":"f0fc0c704147e7c24ddc99171ade247667d88b7db0db4ab9c584d8e599d0cb59","/img/napo-pala1.51177995.jpg":"83b703e6efd43a55c58f96a04f6781a220d9b0776fd6a6dd4463eebfb8be7a5b","/img/napo-druid1.96ff3c16.jpg":"8aca53d6ad90e6940df9621c9dba82c1e2a514658d90ba2efe15d7d9d0cb9697","/img/napo-shaman1.9b503cc8.jpg":"03737a09795c3086fb665d2915e4bc89e6a954f1ebf2dd8c3589f3d61e1af8a8","/img/druid-napo1.78194f96.jpg":"6609acfc58699a2c125fd342574b3873ee742969137f1f1dc040ac640feb67d6","/img/paladin1.91faac34.jpg":"6f1dce1024656223f9009748408bf13e90f4bb5d5a9937bb9635a05e04d9e062","/img/tseris2.692e696a.jpg":"e6c0cb1027790e56ccf075998e56501a9e90cdfd4c9454d4212c4811a5acc9b7","/img/napo1.09751565.jpg":"49eeac4a601af71b9b9d97ac901c293b3a7fe702741fce80971adea0a66d4044","/img/bouki.d4a29073.jpg":"b8a9ebd67441a305857e5cafaaf7ca32676243add7cd299db63aa1e7f007092f","/img/Shaman1.b152312b.jpg":"accd502888b6e61e0a61227e628280c6ded350f0f2a8d1581f562f0d17990274","/img/warlock1.ff4a9d4c.jpg":"a1c2e90eb2ef83addd2ee3f6d1bdfa776e9524c6df02065be31d0bff9d8e9ca7","/img/tseris-warrior-1.f209f4fe.jpg":"edbf95ac54375b66722c4930a7b3ca94ca2a8abc46f3e558bbc5b7c620860118","/img/warlockNapo1.226de0f2.jpg":"efe129d82d963a83741dc762ba537071f100b0c45d49002b4a1f30c4b048392a","/img/warlock-lord1.b1186f4d.jpg":"df7500965bd29b83b9d78d95714686acc86e46a8dd1f3c3258188e76de9b459c","/img/deminhunter_napo_2.68bf90f9.jpg":"6eac823816253d0f8666bd849a42e674f20e55326c2723671a2bd5c2cda128b2","/img/napo-dual1.1e147d86.jpg":"8fe25a3ad02b126ef3d5f24963cbb90a725074e3fa2eccaec591bb3d4fa90b8d","/img/Hunter1.fe1e2bf1.jpg":"641973ab43ecd11aa6a743a5b681278c1e5bf0d4dc42dcce8abce5b3a0952ff5","/img/warriorFlawless1.3864f089.jpg":"85b9b8ff4b589d035195e786672659bbb3a8304754ee903ba1a1edc3f12ee4b2","/img/napodh1.fa80bdeb.jpg":"51dcff423de0f98eeaa6f0bf0e9e170a77bb440972ebc811e5e15e2ef48a3006","/js/chunk-vendors.253992a7.js":"59910f8f1bb7723e9ce3e09a380aa6d48e572d586ad7603a9c49b48ac13a4f60","/js/chunk-vendors.253992a7.js.map":"008aa52fa91ceea3839b126cacd37b789ad408ad24aa67e1b908def5c0bd6aa9"}}
[debug] [2022-03-05T09:13:23.610Z] <<< [apiv2][status] POST https://firebasehosting.googleapis.com/v1beta1/sites/sot-hearthstone/versions/ff6502262a86c712:populateFiles 200
[debug] [2022-03-05T09:13:23.610Z] <<< [apiv2][body] POST https://firebasehosting.googleapis.com/v1beta1/sites/sot-hearthstone/versions/ff6502262a86c712:populateFiles {"uploadRequiredHashes":["068708910316b6a80a10defd286359476559670316aa4cb05305cc3c4a5650df","96a02bde9e1d20b98a1dbee889ade313bbc3f6039d672d2d3855dd50f33a3ea9","8aca53d6ad90e6940df9621c9dba82c1e2a514658d90ba2efe15d7d9d0cb9697","cf26e66600af2548478ac5daec0b48b8eb88ec4bb6c822efc31d2d6dba3c10a5","a3ad50a861e8628d727a510da10210a2737f5a0d1ef4d05f809d3369eb74fc53"],"uploadUrl":"https://upload-firebasehosting.googleapis.com/upload/sites/sot-hearthstone/versions/ff6502262a86c712/files"}
[debug] [2022-03-05T09:13:23.612Z] >>> [apiv2][query] POST https://upload-firebasehosting.googleapis.com/upload/sites/sot-hearthstone/versions/ff6502262a86c712/files/068708910316b6a80a10defd286359476559670316aa4cb05305cc3c4a5650df [none]
[debug] [2022-03-05T09:13:23.612Z] >>> [apiv2][body] POST https://upload-firebasehosting.googleapis.com/upload/sites/sot-hearthstone/versions/ff6502262a86c712/files/068708910316b6a80a10defd286359476559670316aa4cb05305cc3c4a5650df [stream]
[debug] [2022-03-05T09:13:23.613Z] >>> [apiv2][query] POST https://upload-firebasehosting.googleapis.com/upload/sites/sot-hearthstone/versions/ff6502262a86c712/files/96a02bde9e1d20b98a1dbee889ade313bbc3f6039d672d2d3855dd50f33a3ea9 [none]
[debug] [2022-03-05T09:13:23.613Z] >>> [apiv2][body] POST https://upload-firebasehosting.googleapis.com/upload/sites/sot-hearthstone/versions/ff6502262a86c712/files/96a02bde9e1d20b98a1dbee889ade313bbc3f6039d672d2d3855dd50f33a3ea9 [stream]
[debug] [2022-03-05T09:13:23.615Z] >>> [apiv2][query] POST https://upload-firebasehosting.googleapis.com/upload/sites/sot-hearthstone/versions/ff6502262a86c712/files/8aca53d6ad90e6940df9621c9dba82c1e2a514658d90ba2efe15d7d9d0cb9697 [none]
[debug] [2022-03-05T09:13:23.615Z] >>> [apiv2][body] POST https://upload-firebasehosting.googleapis.com/upload/sites/sot-hearthstone/versions/ff6502262a86c712/files/8aca53d6ad90e6940df9621c9dba82c1e2a514658d90ba2efe15d7d9d0cb9697 [stream]
[debug] [2022-03-05T09:13:23.616Z] >>> [apiv2][query] POST https://upload-firebasehosting.googleapis.com/upload/sites/sot-hearthstone/versions/ff6502262a86c712/files/cf26e66600af2548478ac5daec0b48b8eb88ec4bb6c822efc31d2d6dba3c10a5 [none]
[debug] [2022-03-05T09:13:23.616Z] >>> [apiv2][body] POST https://upload-firebasehosting.googleapis.com/upload/sites/sot-hearthstone/versions/ff6502262a86c712/files/cf26e66600af2548478ac5daec0b48b8eb88ec4bb6c822efc31d2d6dba3c10a5 [stream]
[debug] [2022-03-05T09:13:23.617Z] >>> [apiv2][query] POST https://upload-firebasehosting.googleapis.com/upload/sites/sot-hearthstone/versions/ff6502262a86c712/files/a3ad50a861e8628d727a510da10210a2737f5a0d1ef4d05f809d3369eb74fc53 [none]
[debug] [2022-03-05T09:13:23.617Z] >>> [apiv2][body] POST https://upload-firebasehosting.googleapis.com/upload/sites/sot-hearthstone/versions/ff6502262a86c712/files/a3ad50a861e8628d727a510da10210a2737f5a0d1ef4d05f809d3369eb74fc53 [stream]
[debug] [2022-03-05T09:13:23.618Z] [hosting][populate queue][FINAL] {"max":1487,"min":1487,"avg":1487,"active":0,"complete":1,"success":1,"errored":0,"retried":0,"total":1,"elapsed":1494}
[debug] [2022-03-05T09:13:23.618Z] [hosting] uploads queued: 5
[debug] [2022-03-05T09:13:25.261Z] <<< [apiv2][status] POST https://upload-firebasehosting.googleapis.com/upload/sites/sot-hearthstone/versions/ff6502262a86c712/files/96a02bde9e1d20b98a1dbee889ade313bbc3f6039d672d2d3855dd50f33a3ea9 200
[debug] [2022-03-05T09:13:25.261Z] <<< [apiv2][body] POST https://upload-firebasehosting.googleapis.com/upload/sites/sot-hearthstone/versions/ff6502262a86c712/files/96a02bde9e1d20b98a1dbee889ade313bbc3f6039d672d2d3855dd50f33a3ea9 [stream]
[debug] [2022-03-05T09:13:25.335Z] <<< [apiv2][status] POST https://upload-firebasehosting.googleapis.com/upload/sites/sot-hearthstone/versions/ff6502262a86c712/files/a3ad50a861e8628d727a510da10210a2737f5a0d1ef4d05f809d3369eb74fc53 200
[debug] [2022-03-05T09:13:25.335Z] <<< [apiv2][body] POST https://upload-firebasehosting.googleapis.com/upload/sites/sot-hearthstone/versions/ff6502262a86c712/files/a3ad50a861e8628d727a510da10210a2737f5a0d1ef4d05f809d3369eb74fc53 [stream]
[debug] [2022-03-05T09:13:25.482Z] <<< [apiv2][status] POST https://upload-firebasehosting.googleapis.com/upload/sites/sot-hearthstone/versions/ff6502262a86c712/files/cf26e66600af2548478ac5daec0b48b8eb88ec4bb6c822efc31d2d6dba3c10a5 200
[debug] [2022-03-05T09:13:25.482Z] <<< [apiv2][body] POST https://upload-firebasehosting.googleapis.com/upload/sites/sot-hearthstone/versions/ff6502262a86c712/files/cf26e66600af2548478ac5daec0b48b8eb88ec4bb6c822efc31d2d6dba3c10a5 [stream]
[debug] [2022-03-05T09:13:25.689Z] <<< [apiv2][status] POST https://upload-firebasehosting.googleapis.com/upload/sites/sot-hearthstone/versions/ff6502262a86c712/files/068708910316b6a80a10defd286359476559670316aa4cb05305cc3c4a5650df 200
[debug] [2022-03-05T09:13:25.689Z] <<< [apiv2][body] POST https://upload-firebasehosting.googleapis.com/upload/sites/sot-hearthstone/versions/ff6502262a86c712/files/068708910316b6a80a10defd286359476559670316aa4cb05305cc3c4a5650df [stream]
[debug] [2022-03-05T09:13:26.938Z] <<< [apiv2][status] POST https://upload-firebasehosting.googleapis.com/upload/sites/sot-hearthstone/versions/ff6502262a86c712/files/8aca53d6ad90e6940df9621c9dba82c1e2a514658d90ba2efe15d7d9d0cb9697 200
[debug] [2022-03-05T09:13:26.938Z] <<< [apiv2][body] POST https://upload-firebasehosting.googleapis.com/upload/sites/sot-hearthstone/versions/ff6502262a86c712/files/8aca53d6ad90e6940df9621c9dba82c1e2a514658d90ba2efe15d7d9d0cb9697 [stream]
[debug] [2022-03-05T09:13:26.939Z] [hosting][upload queue][FINAL] {"max":3328,"min":1651,"avg":2130.8,"active":0,"complete":5,"success":5,"errored":0,"retried":0,"total":5,"elapsed":3329}
[info] ✔  hosting[sot-hearthstone]: file upload complete 
[debug] [2022-03-05T09:13:26.939Z] [hosting] deploy completed after 5494ms
[debug] [2022-03-05T09:13:26.940Z] [
  {
    "config": {
      "public": "dist",
      "ignore": [
        "firebase.json",
        "**/.*",
        "**/node_modules/**"
      ],
      "rewrites": [
        {
          "source": "**",
          "destination": "/index.html"
        }
      ],
      "site": "sot-hearthstone"
    },
    "site": "sot-hearthstone",
    "version": "sites/sot-hearthstone/versions/ff6502262a86c712"
  }
]
[info] i  hosting[sot-hearthstone]: finalizing version... 
[debug] [2022-03-05T09:13:26.941Z] > refreshing access token with scopes: ["email","https://www.googleapis.com/auth/cloud-platform","https://www.googleapis.com/auth/cloudplatformprojects.readonly","https://www.googleapis.com/auth/firebase","openid"]
[debug] [2022-03-05T09:13:26.942Z] >>> HTTP REQUEST POST https://www.googleapis.com/oauth2/v3/token  
 <request body omitted>
[debug] [2022-03-05T09:13:27.200Z] <<< HTTP RESPONSE 200 {"cache-control":"no-cache, no-store, max-age=0, must-revalidate","pragma":"no-cache","expires":"Mon, 01 Jan 1990 00:00:00 GMT","date":"Sat, 05 Mar 2022 09:13:27 GMT","content-type":"application/json; charset=utf-8","vary":"X-Origin, Referer, Origin,Accept-Encoding","server":"scaffolding on HTTPServer2","x-xss-protection":"0","x-frame-options":"SAMEORIGIN","x-content-type-options":"nosniff","alt-svc":"h3=\":443\"; ma=2592000,h3-29=\":443\"; ma=2592000,h3-Q050=\":443\"; ma=2592000,h3-Q046=\":443\"; ma=2592000,h3-Q043=\":443\"; ma=2592000,quic=\":443\"; ma=2592000; v=\"46,43\"","accept-ranges":"none","transfer-encoding":"chunked"}
[debug] [2022-03-05T09:13:27.216Z] >>> HTTP REQUEST PATCH https://firebasehosting.googleapis.com/v1beta1/sites/sot-hearthstone/versions/ff6502262a86c712?updateMask=status  
 {"status":"FINALIZED"}
[debug] [2022-03-05T09:13:28.617Z] <<< HTTP RESPONSE 200 {"content-type":"application/json; charset=UTF-8","vary":"X-Origin, Referer, Origin,Accept-Encoding","date":"Sat, 05 Mar 2022 09:13:28 GMT","server":"ESF","cache-control":"private","x-xss-protection":"0","x-frame-options":"SAMEORIGIN","x-content-type-options":"nosniff","alt-svc":"h3=\":443\"; ma=2592000,h3-29=\":443\"; ma=2592000,h3-Q050=\":443\"; ma=2592000,h3-Q046=\":443\"; ma=2592000,h3-Q043=\":443\"; ma=2592000,quic=\":443\"; ma=2592000; v=\"46,43\"","accept-ranges":"none","transfer-encoding":"chunked"}
[debug] [2022-03-05T09:13:28.617Z] [hosting] finalized version for sot-hearthstone: {"name":"sites/sot-hearthstone/versions/ff6502262a86c712","status":"FINALIZED","config":{"rewrites":[{"glob":"**","path":"/index.html"}]},"labels":{"deployment-tool":"cli-firebase"},"createTime":"2022-03-05T09:13:20.677784Z","createUser":{"email":"tapantaolatora@gmail.com"},"finalizeTime":"2022-03-05T09:13:28.454545Z","finalizeUser":{"email":"tapantaolatora@gmail.com"}}
[info] ✔  hosting[sot-hearthstone]: version finalized 
[info] i  hosting[sot-hearthstone]: releasing new version... 
[debug] [2022-03-05T09:13:28.618Z] >>> HTTP REQUEST POST https://firebasehosting.googleapis.com/v1beta1/sites/sot-hearthstone/releases?version_name=sites/sot-hearthstone/versions/ff6502262a86c712  
 {"message":null}
